c:\users\рпо\documents\github\cpp\cpp\coolwork2\coolwork2\x64\debug\vc143.pdb
c:\users\рпо\documents\github\cpp\cpp\coolwork2\coolwork2\x64\debug\vc143.idb
c:\users\рпо\documents\github\cpp\cpp\coolwork2\coolwork2\x64\debug\filename.obj
c:\users\рпо\documents\github\cpp\cpp\coolwork2\coolwork2\x64\debug\coolwork2.obj
c:\users\рпо\documents\github\cpp\cpp\coolwork2\x64\debug\coolwork2.exe
c:\users\рпо\documents\github\cpp\cpp\coolwork2\x64\debug\coolwork2.pdb
c:\users\рпо\documents\github\cpp\cpp\coolwork2\coolwork2\x64\debug\coolwork2.ilk
c:\users\рпо\documents\github\cpp\cpp\coolwork2\coolwork2\x64\debug\dz.obj
c:\users\рпо\documents\github\cpp\cpp\coolwork2\coolwork2\x64\debug\coolwork2.tlog\cl.command.1.tlog
c:\users\рпо\documents\github\cpp\cpp\coolwork2\coolwork2\x64\debug\coolwork2.tlog\cl.items.tlog
c:\users\рпо\documents\github\cpp\cpp\coolwork2\coolwork2\x64\debug\coolwork2.tlog\cl.read.1.tlog
c:\users\рпо\documents\github\cpp\cpp\coolwork2\coolwork2\x64\debug\coolwork2.tlog\cl.write.1.tlog
c:\users\рпо\documents\github\cpp\cpp\coolwork2\coolwork2\x64\debug\coolwork2.tlog\link-cvtres.read.1.tlog
c:\users\рпо\documents\github\cpp\cpp\coolwork2\coolwork2\x64\debug\coolwork2.tlog\link-cvtres.write.1.tlog
c:\users\рпо\documents\github\cpp\cpp\coolwork2\coolwork2\x64\debug\coolwork2.tlog\link-rc.read.1.tlog
c:\users\рпо\documents\github\cpp\cpp\coolwork2\coolwork2\x64\debug\coolwork2.tlog\link-rc.write.1.tlog
c:\users\рпо\documents\github\cpp\cpp\coolwork2\coolwork2\x64\debug\coolwork2.tlog\link.13376-cvtres.read.1.tlog
c:\users\рпо\documents\github\cpp\cpp\coolwork2\coolwork2\x64\debug\coolwork2.tlog\link.13376-cvtres.write.1.tlog
c:\users\рпо\documents\github\cpp\cpp\coolwork2\coolwork2\x64\debug\coolwork2.tlog\link.13376-rc.read.1.tlog
c:\users\рпо\documents\github\cpp\cpp\coolwork2\coolwork2\x64\debug\coolwork2.tlog\link.13376-rc.write.1.tlog
c:\users\рпо\documents\github\cpp\cpp\coolwork2\coolwork2\x64\debug\coolwork2.tlog\link.13376.read.1.tlog
c:\users\рпо\documents\github\cpp\cpp\coolwork2\coolwork2\x64\debug\coolwork2.tlog\link.13376.read.2.tlog
c:\users\рпо\documents\github\cpp\cpp\coolwork2\coolwork2\x64\debug\coolwork2.tlog\link.13376.write.1.tlog
c:\users\рпо\documents\github\cpp\cpp\coolwork2\coolwork2\x64\debug\coolwork2.tlog\link.command.1.tlog
c:\users\рпо\documents\github\cpp\cpp\coolwork2\coolwork2\x64\debug\coolwork2.tlog\link.read.1.tlog
c:\users\рпо\documents\github\cpp\cpp\coolwork2\coolwork2\x64\debug\coolwork2.tlog\link.read.2.tlog
c:\users\рпо\documents\github\cpp\cpp\coolwork2\coolwork2\x64\debug\coolwork2.tlog\link.secondary.1.tlog
c:\users\рпо\documents\github\cpp\cpp\coolwork2\coolwork2\x64\debug\coolwork2.tlog\link.write.1.tlog
